app/build/intermediates/manifest_merge_blame_file/debug/manifest-merger-blame-debug-report.txt
1<?xml version="1.0" encoding="utf-8"?>
2<manifest xmlns:android="http://schemas.android.com/apk/res/android"
3    package="com.example.timetableremainder"
4    android:versionCode="1"
5    android:versionName="1.0" >
6
7    <uses-sdk
8        android:minSdkVersion="16"
8-->src\main\AndroidManifest.xml
9        android:targetSdkVersion="29" />
9-->src\main\AndroidManifest.xml
10
11    <uses-permission android:name="android.permission.INTERNET" />
11-->src\main\AndroidManifest.xml:5:5-67
11-->src\main\AndroidManifest.xml:5:22-64
12
13    <!-- Although the *SdkVersion is captured in gradle build files, this is required for non gradle builds -->
14    <!-- <uses-sdk android:minSdkVersion="14"/> -->
15    <uses-permission android:name="android.permission.ACCESS_NETWORK_STATE" />
15-->[com.google.firebase:firebase-database:17.0.0] AndroidManifest.xml:25:5-79
15-->[com.google.firebase:firebase-database:17.0.0] AndroidManifest.xml:25:22-76
16    <uses-permission android:name="android.permission.WAKE_LOCK" /> <!-- Required by older versions of Google Play services to create IID tokens -->
16-->[com.google.android.gms:play-services-measurement-api:17.0.0] AndroidManifest.xml:24:5-68
16-->[com.google.android.gms:play-services-measurement-api:17.0.0] AndroidManifest.xml:24:22-65
17    <uses-permission android:name="com.google.android.c2dm.permission.RECEIVE" />
17-->[com.google.firebase:firebase-iid:19.0.0] AndroidManifest.xml:26:5-82
17-->[com.google.firebase:firebase-iid:19.0.0] AndroidManifest.xml:26:22-79
18    <uses-permission android:name="com.google.android.finsky.permission.BIND_GET_INSTALL_REFERRER_SERVICE" />
18-->[com.google.android.gms:play-services-measurement:17.0.0] AndroidManifest.xml:26:5-110
18-->[com.google.android.gms:play-services-measurement:17.0.0] AndroidManifest.xml:26:22-107
19
20    <application
20-->src\main\AndroidManifest.xml:7:5-29:19
21        android:allowBackup="true"
21-->src\main\AndroidManifest.xml:8:9-35
22        android:appComponentFactory="androidx.core.app.CoreComponentFactory"
22-->[androidx.core:core:1.0.1] AndroidManifest.xml:22:18-86
23        android:debuggable="true"
24        android:icon="@mipmap/ic_launcher"
24-->src\main\AndroidManifest.xml:9:9-43
25        android:label="@string/app_name"
25-->src\main\AndroidManifest.xml:10:9-41
26        android:roundIcon="@mipmap/ic_launcher_round"
26-->src\main\AndroidManifest.xml:11:9-54
27        android:supportsRtl="true"
27-->src\main\AndroidManifest.xml:12:9-35
28        android:testOnly="true"
29        android:theme="@style/AppTheme" >
29-->src\main\AndroidManifest.xml:13:9-40
30        <activity android:name="com.example.timetableremainder.ProfileActivity" />
30-->src\main\AndroidManifest.xml:14:9-62
30-->src\main\AndroidManifest.xml:14:19-50
31        <activity android:name="com.example.timetableremainder.SignINActivity" />
31-->src\main\AndroidManifest.xml:15:9-52
31-->src\main\AndroidManifest.xml:15:19-49
32        <activity android:name="com.example.timetableremainder.SplashScreen" />
32-->src\main\AndroidManifest.xml:16:9-50
32-->src\main\AndroidManifest.xml:16:19-47
33        <activity android:name="com.example.timetableremainder.ClassActivity" />
33-->src\main\AndroidManifest.xml:17:9-51
33-->src\main\AndroidManifest.xml:17:19-48
34        <activity android:name="com.example.timetableremainder.CodeSharingActivity" />
34-->src\main\AndroidManifest.xml:18:9-57
34-->src\main\AndroidManifest.xml:18:19-54
35        <activity android:name="com.example.timetableremainder.CourseEnteringActivity" />
35-->src\main\AndroidManifest.xml:19:9-60
35-->src\main\AndroidManifest.xml:19:19-57
36        <activity android:name="com.example.timetableremainder.NoOfCoursesActivity" />
36-->src\main\AndroidManifest.xml:20:9-57
36-->src\main\AndroidManifest.xml:20:19-54
37        <activity android:name="com.example.timetableremainder.ClassCodeActivity" />
37-->src\main\AndroidManifest.xml:21:9-55
37-->src\main\AndroidManifest.xml:21:19-52
38        <activity android:name="com.example.timetableremainder.MainActivity" >
38-->src\main\AndroidManifest.xml:22:9-28:20
38-->src\main\AndroidManifest.xml:22:19-47
39            <intent-filter>
39-->src\main\AndroidManifest.xml:23:13-27:29
40                <action android:name="android.intent.action.MAIN" />
40-->src\main\AndroidManifest.xml:24:17-69
40-->src\main\AndroidManifest.xml:24:25-66
41
42                <category android:name="android.intent.category.LAUNCHER" />
42-->src\main\AndroidManifest.xml:26:17-77
42-->src\main\AndroidManifest.xml:26:27-74
43            </intent-filter>
44        </activity>
45        <activity
45-->[com.google.firebase:firebase-auth:17.0.0] AndroidManifest.xml:24:9-31:50
46            android:name="com.google.firebase.auth.internal.FederatedSignInActivity"
46-->[com.google.firebase:firebase-auth:17.0.0] AndroidManifest.xml:25:13-85
47            android:excludeFromRecents="true"
47-->[com.google.firebase:firebase-auth:17.0.0] AndroidManifest.xml:26:13-46
48            android:exported="true"
48-->[com.google.firebase:firebase-auth:17.0.0] AndroidManifest.xml:27:13-36
49            android:launchMode="singleTask"
49-->[com.google.firebase:firebase-auth:17.0.0] AndroidManifest.xml:28:13-44
50            android:permission="com.google.firebase.auth.api.gms.permission.LAUNCH_FEDERATED_SIGN_IN"
50-->[com.google.firebase:firebase-auth:17.0.0] AndroidManifest.xml:29:13-102
51            android:theme="@android:style/Theme.Translucent.NoTitleBar" />
51-->[com.google.firebase:firebase-auth:17.0.0] AndroidManifest.xml:30:13-72
52
53        <service
53-->[com.google.firebase:firebase-auth:17.0.0] AndroidManifest.xml:33:9-39:19
54            android:name="com.google.firebase.components.ComponentDiscoveryService"
54-->[com.google.firebase:firebase-auth:17.0.0] AndroidManifest.xml:34:13-84
55            android:exported="false" >
55-->[com.google.firebase:firebase-auth:17.0.0] AndroidManifest.xml:35:13-37
56            <meta-data
56-->[com.google.firebase:firebase-auth:17.0.0] AndroidManifest.xml:36:13-38:85
57                android:name="com.google.firebase.components:com.google.firebase.auth.FirebaseAuthRegistrar"
57-->[com.google.firebase:firebase-auth:17.0.0] AndroidManifest.xml:37:17-109
58                android:value="com.google.firebase.components.ComponentRegistrar" />
58-->[com.google.firebase:firebase-auth:17.0.0] AndroidManifest.xml:38:17-82
59            <meta-data
59-->[com.google.firebase:firebase-database:17.0.0] AndroidManifest.xml:30:13-32:85
60                android:name="com.google.firebase.components:com.google.firebase.database.DatabaseRegistrar"
60-->[com.google.firebase:firebase-database:17.0.0] AndroidManifest.xml:31:17-109
61                android:value="com.google.firebase.components.ComponentRegistrar" />
61-->[com.google.firebase:firebase-database:17.0.0] AndroidManifest.xml:32:17-82
62            <meta-data
62-->[com.google.android.gms:play-services-measurement-api:17.0.0] AndroidManifest.xml:30:13-32:85
63                android:name="com.google.firebase.components:com.google.firebase.analytics.connector.internal.AnalyticsConnectorRegistrar"
63-->[com.google.android.gms:play-services-measurement-api:17.0.0] AndroidManifest.xml:31:17-139
64                android:value="com.google.firebase.components.ComponentRegistrar" />
64-->[com.google.android.gms:play-services-measurement-api:17.0.0] AndroidManifest.xml:32:17-82
65            <meta-data
65-->[com.google.firebase:firebase-iid:19.0.0] AndroidManifest.xml:32:13-34:85
66                android:name="com.google.firebase.components:com.google.firebase.iid.Registrar"
66-->[com.google.firebase:firebase-iid:19.0.0] AndroidManifest.xml:33:17-96
67                android:value="com.google.firebase.components.ComponentRegistrar" />
67-->[com.google.firebase:firebase-iid:19.0.0] AndroidManifest.xml:34:17-82
68        </service>
69
70        <activity
70-->[com.google.android.gms:play-services-auth:17.0.0] AndroidManifest.xml:23:9-27:75
71            android:name="com.google.android.gms.auth.api.signin.internal.SignInHubActivity"
71-->[com.google.android.gms:play-services-auth:17.0.0] AndroidManifest.xml:24:13-93
72            android:excludeFromRecents="true"
72-->[com.google.android.gms:play-services-auth:17.0.0] AndroidManifest.xml:25:13-46
73            android:exported="false"
73-->[com.google.android.gms:play-services-auth:17.0.0] AndroidManifest.xml:26:13-37
74            android:theme="@android:style/Theme.Translucent.NoTitleBar" />
74-->[com.google.android.gms:play-services-auth:17.0.0] AndroidManifest.xml:27:13-72
75        <!--
76            Service handling Google Sign-In user revocation. For apps that do not integrate with
77            Google Sign-In, this service will never be started.
78        -->
79        <service
79-->[com.google.android.gms:play-services-auth:17.0.0] AndroidManifest.xml:33:9-36:110
80            android:name="com.google.android.gms.auth.api.signin.RevocationBoundService"
80-->[com.google.android.gms:play-services-auth:17.0.0] AndroidManifest.xml:34:13-89
81            android:exported="true"
81-->[com.google.android.gms:play-services-auth:17.0.0] AndroidManifest.xml:35:13-36
82            android:permission="com.google.android.gms.auth.api.signin.permission.REVOCATION_NOTIFICATION" />
82-->[com.google.android.gms:play-services-auth:17.0.0] AndroidManifest.xml:36:13-107
83
84        <receiver
84-->[com.google.firebase:firebase-iid:19.0.0] AndroidManifest.xml:37:9-44:20
85            android:name="com.google.firebase.iid.FirebaseInstanceIdReceiver"
85-->[com.google.firebase:firebase-iid:19.0.0] AndroidManifest.xml:38:13-78
86            android:exported="true"
86-->[com.google.firebase:firebase-iid:19.0.0] AndroidManifest.xml:39:13-36
87            android:permission="com.google.android.c2dm.permission.SEND" >
87-->[com.google.firebase:firebase-iid:19.0.0] AndroidManifest.xml:40:13-73
88            <intent-filter>
88-->[com.google.firebase:firebase-iid:19.0.0] AndroidManifest.xml:41:13-43:29
89                <action android:name="com.google.android.c2dm.intent.RECEIVE" />
89-->[com.google.firebase:firebase-iid:19.0.0] AndroidManifest.xml:42:17-81
89-->[com.google.firebase:firebase-iid:19.0.0] AndroidManifest.xml:42:25-78
90            </intent-filter>
91        </receiver>
92
93        <activity
93-->[com.google.android.gms:play-services-base:17.0.0] AndroidManifest.xml:23:9-26:75
94            android:name="com.google.android.gms.common.api.GoogleApiActivity"
94-->[com.google.android.gms:play-services-base:17.0.0] AndroidManifest.xml:24:13-79
95            android:exported="false"
95-->[com.google.android.gms:play-services-base:17.0.0] AndroidManifest.xml:25:13-37
96            android:theme="@android:style/Theme.Translucent.NoTitleBar" />
96-->[com.google.android.gms:play-services-base:17.0.0] AndroidManifest.xml:26:13-72
97
98        <provider
98-->[com.google.firebase:firebase-common:18.0.0] AndroidManifest.xml:12:9-16:39
99            android:name="com.google.firebase.provider.FirebaseInitProvider"
99-->[com.google.firebase:firebase-common:18.0.0] AndroidManifest.xml:13:13-77
100            android:authorities="com.example.timetableremainder.firebaseinitprovider"
100-->[com.google.firebase:firebase-common:18.0.0] AndroidManifest.xml:14:13-72
101            android:exported="false"
101-->[com.google.firebase:firebase-common:18.0.0] AndroidManifest.xml:15:13-37
102            android:initOrder="100" />
102-->[com.google.firebase:firebase-common:18.0.0] AndroidManifest.xml:16:13-36
103
104        <receiver
104-->[com.google.android.gms:play-services-measurement:17.0.0] AndroidManifest.xml:29:9-33:20
105            android:name="com.google.android.gms.measurement.AppMeasurementReceiver"
105-->[com.google.android.gms:play-services-measurement:17.0.0] AndroidManifest.xml:30:13-85
106            android:enabled="true"
106-->[com.google.android.gms:play-services-measurement:17.0.0] AndroidManifest.xml:31:13-35
107            android:exported="false" >
107-->[com.google.android.gms:play-services-measurement:17.0.0] AndroidManifest.xml:32:13-37
108        </receiver>
109        <receiver
109-->[com.google.android.gms:play-services-measurement:17.0.0] AndroidManifest.xml:34:9-42:20
110            android:name="com.google.android.gms.measurement.AppMeasurementInstallReferrerReceiver"
110-->[com.google.android.gms:play-services-measurement:17.0.0] AndroidManifest.xml:35:13-100
111            android:enabled="true"
111-->[com.google.android.gms:play-services-measurement:17.0.0] AndroidManifest.xml:36:13-35
112            android:exported="true"
112-->[com.google.android.gms:play-services-measurement:17.0.0] AndroidManifest.xml:37:13-36
113            android:permission="android.permission.INSTALL_PACKAGES" >
113-->[com.google.android.gms:play-services-measurement:17.0.0] AndroidManifest.xml:38:13-69
114            <intent-filter>
114-->[com.google.android.gms:play-services-measurement:17.0.0] AndroidManifest.xml:39:13-41:29
115                <action android:name="com.android.vending.INSTALL_REFERRER" />
115-->[com.google.android.gms:play-services-measurement:17.0.0] AndroidManifest.xml:40:17-79
115-->[com.google.android.gms:play-services-measurement:17.0.0] AndroidManifest.xml:40:25-76
116            </intent-filter>
117        </receiver>
118
119        <service
119-->[com.google.android.gms:play-services-measurement:17.0.0] AndroidManifest.xml:44:9-47:40
120            android:name="com.google.android.gms.measurement.AppMeasurementService"
120-->[com.google.android.gms:play-services-measurement:17.0.0] AndroidManifest.xml:45:13-84
121            android:enabled="true"
121-->[com.google.android.gms:play-services-measurement:17.0.0] AndroidManifest.xml:46:13-35
122            android:exported="false" />
122-->[com.google.android.gms:play-services-measurement:17.0.0] AndroidManifest.xml:47:13-37
123        <service
123-->[com.google.android.gms:play-services-measurement:17.0.0] AndroidManifest.xml:48:9-52:72
124            android:name="com.google.android.gms.measurement.AppMeasurementJobService"
124-->[com.google.android.gms:play-services-measurement:17.0.0] AndroidManifest.xml:49:13-87
125            android:enabled="true"
125-->[com.google.android.gms:play-services-measurement:17.0.0] AndroidManifest.xml:50:13-35
126            android:exported="false"
126-->[com.google.android.gms:play-services-measurement:17.0.0] AndroidManifest.xml:51:13-37
127            android:permission="android.permission.BIND_JOB_SERVICE" />
127-->[com.google.android.gms:play-services-measurement:17.0.0] AndroidManifest.xml:52:13-69
128
129        <meta-data
129-->[com.google.android.gms:play-services-basement:17.0.0] AndroidManifest.xml:23:9-25:69
130            android:name="com.google.android.gms.version"
130-->[com.google.android.gms:play-services-basement:17.0.0] AndroidManifest.xml:24:13-58
131            android:value="@integer/google_play_services_version" />
131-->[com.google.android.gms:play-services-basement:17.0.0] AndroidManifest.xml:25:13-66
132    </application>
133
134</manifest>